# JRE version: Java(TM) SE Runtime Environment (8.0_45-b15) (build 1.8.0_45-b15)
# Java VM: Java HotSpot(TM) 64-Bit Server VM (25.45-b02 mixed mode windows-amd64 compressed oops)
Heap:
 PSYoungGen      total 96256K, used 52045K [0x00000000f5580000, 0x00000000fcb00000, 0x0000000100000000)
  eden space 78336K, 47% used [0x00000000f5580000,0x00000000f79aae88,0x00000000fa200000)
  from space 17920K, 83% used [0x00000000fb500000,0x00000000fc3a8700,0x00000000fc680000)
  to   space 19456K, 0% used [0x00000000fa200000,0x00000000fa200000,0x00000000fb500000)
 ParOldGen       total 103936K, used 43901K [0x00000000e0000000, 0x00000000e6580000, 0x00000000f5580000)
  object space 103936K, 42% used [0x00000000e0000000,0x00000000e2adf460,0x00000000e6580000)
 Metaspace       used 72127K, capacity 77618K, committed 77824K, reserved 1116160K
  class space    used 8825K, capacity 10633K, committed 10752K, reserved 1048576K
GC Heap History (10 events):
Event: 80.607 GC heap before
{Heap before GC invocations=22 (full 4):
 PSYoungGen      total 69120K, used 58368K [0x00000000f5580000, 0x00000000fb280000, 0x0000000100000000)
  eden space 58368K, 100% used [0x00000000f5580000,0x00000000f8e80000,0x00000000f8e80000)
  from space 10752K, 0% used [0x00000000f8e80000,0x00000000f8e80000,0x00000000f9900000)
  to   space 18432K, 0% used [0x00000000fa080000,0x00000000fa080000,0x00000000fb280000)
 ParOldGen       total 103936K, used 43885K [0x00000000e0000000, 0x00000000e6580000, 0x00000000f5580000)
  object space 103936K, 42% used [0x00000000e0000000,0x00000000e2adb460,0x00000000e6580000)
 Metaspace       used 71020K, capacity 76592K, committed 76928K, reserved 1116160K
  class space    used 8723K, capacity 10503K, committed 10624K, reserved 1048576K
Event: 80.611 GC heap after
Heap after GC invocations=22 (full 4):
 PSYoungGen      total 76288K, used 3004K [0x00000000f5580000, 0x00000000fb700000, 0x0000000100000000)
  eden space 57856K, 0% used [0x00000000f5580000,0x00000000f5580000,0x00000000f8e00000)
  from space 18432K, 16% used [0x00000000fa080000,0x00000000fa36f000,0x00000000fb280000)
  to   space 18944K, 0% used [0x00000000f8e00000,0x00000000f8e00000,0x00000000fa080000)
 ParOldGen       total 103936K, used 43893K [0x00000000e0000000, 0x00000000e6580000, 0x00000000f5580000)
  object space 103936K, 42% used [0x00000000e0000000,0x00000000e2add460,0x00000000e6580000)
 Metaspace       used 71020K, capacity 76592K, committed 76928K, reserved 1116160K
  class space    used 8723K, capacity 10503K, committed 10624K, reserved 1048576K
}
Event: 80.699 GC heap before
{Heap before GC invocations=23 (full 4):
 PSYoungGen      total 76288K, used 60860K [0x00000000f5580000, 0x00000000fb700000, 0x0000000100000000)
  eden space 57856K, 100% used [0x00000000f5580000,0x00000000f8e00000,0x00000000f8e00000)
  from space 18432K, 16% used [0x00000000fa080000,0x00000000fa36f000,0x00000000fb280000)
  to   space 18944K, 0% used [0x00000000f8e00000,0x00000000f8e00000,0x00000000fa080000)
 ParOldGen       total 103936K, used 43893K [0x00000000e0000000, 0x00000000e6580000, 0x00000000f5580000)
  object space 103936K, 42% used [0x00000000e0000000,0x00000000e2add460,0x00000000e6580000)
 Metaspace       used 71020K, capacity 76592K, committed 76928K, reserved 1116160K
  class space    used 8723K, capacity 10503K, committed 10624K, reserved 1048576K
Event: 80.702 GC heap after
Heap after GC invocations=23 (full 4):
 PSYoungGen      total 76800K, used 5376K [0x00000000f5580000, 0x00000000fba00000, 0x0000000100000000)
  eden space 57856K, 0% used [0x00000000f5580000,0x00000000f5580000,0x00000000f8e00000)
  from space 18944K, 28% used [0x00000000f8e00000,0x00000000f9340250,0x00000000fa080000)
  to   space 18944K, 0% used [0x00000000fa780000,0x00000000fa780000,0x00000000fba00000)
 ParOldGen       total 103936K, used 43901K [0x00000000e0000000, 0x00000000e6580000, 0x00000000f5580000)
  object space 103936K, 42% used [0x00000000e0000000,0x00000000e2adf460,0x00000000e6580000)
 Metaspace       used 71020K, capacity 76592K, committed 76928K, reserved 1116160K
  class space    used 8723K, capacity 10503K, committed 10624K, reserved 1048576K
}
Event: 80.779 GC heap before
{Heap before GC invocations=24 (full 4):
 PSYoungGen      total 76800K, used 63232K [0x00000000f5580000, 0x00000000fba00000, 0x0000000100000000)
  eden space 57856K, 100% used [0x00000000f5580000,0x00000000f8e00000,0x00000000f8e00000)
  from space 18944K, 28% used [0x00000000f8e00000,0x00000000f9340250,0x00000000fa080000)
  to   space 18944K, 0% used [0x00000000fa780000,0x00000000fa780000,0x00000000fba00000)
 ParOldGen       total 103936K, used 43901K [0x00000000e0000000, 0x00000000e6580000, 0x00000000f5580000)
  object space 103936K, 42% used [0x00000000e0000000,0x00000000e2adf460,0x00000000e6580000)
 Metaspace       used 71021K, capacity 76592K, committed 76928K, reserved 1116160K
  class space    used 8723K, capacity 10503K, committed 10624K, reserved 1048576K
Event: 80.783 GC heap after
Heap after GC invocations=24 (full 4):
 PSYoungGen      total 84992K, used 8512K [0x00000000f5580000, 0x00000000fbb00000, 0x0000000100000000)
  eden space 66048K, 0% used [0x00000000f5580000,0x00000000f5580000,0x00000000f9600000)
  from space 18944K, 44% used [0x00000000fa780000,0x00000000fafd03d0,0x00000000fba00000)
  to   space 17920K, 0% used [0x00000000f9600000,0x00000000f9600000,0x00000000fa780000)
 ParOldGen       total 103936K, used 43901K [0x00000000e0000000, 0x00000000e6580000, 0x00000000f5580000)
  object space 103936K, 42% used [0x00000000e0000000,0x00000000e2adf460,0x00000000e6580000)
 Metaspace       used 71021K, capacity 76592K, committed 76928K, reserved 1116160K
  class space    used 8723K, capacity 10503K, committed 10624K, reserved 1048576K
}
Event: 80.871 GC heap before
{Heap before GC invocations=25 (full 4):
 PSYoungGen      total 84992K, used 74560K [0x00000000f5580000, 0x00000000fbb00000, 0x0000000100000000)
  eden space 66048K, 100% used [0x00000000f5580000,0x00000000f9600000,0x00000000f9600000)
  from space 18944K, 44% used [0x00000000fa780000,0x00000000fafd03d0,0x00000000fba00000)
  to   space 17920K, 0% used [0x00000000f9600000,0x00000000f9600000,0x00000000fa780000)
 ParOldGen       total 103936K, used 43901K [0x00000000e0000000, 0x00000000e6580000, 0x00000000f5580000)
  object space 103936K, 42% used [0x00000000e0000000,0x00000000e2adf460,0x00000000e6580000)
 Metaspace       used 71022K, capacity 76592K, committed 76928K, reserved 1116160K
  class space    used 8723K, capacity 10503K, committed 10624K, reserved 1048576K
Event: 80.875 GC heap after
Heap after GC invocations=25 (full 4):
 PSYoungGen      total 83968K, used 11681K [0x00000000f5580000, 0x00000000fc680000, 0x0000000100000000)
  eden space 66048K, 0% used [0x00000000f5580000,0x00000000f5580000,0x00000000f9600000)
  from space 17920K, 65% used [0x00000000f9600000,0x00000000fa168560,0x00000000fa780000)
  to   space 17920K, 0% used [0x00000000fb500000,0x00000000fb500000,0x00000000fc680000)
 ParOldGen       total 103936K, used 43901K [0x00000000e0000000, 0x00000000e6580000, 0x00000000f5580000)
  object space 103936K, 42% used [0x00000000e0000000,0x00000000e2adf460,0x00000000e6580000)
 Metaspace       used 71022K, capacity 76592K, committed 76928K, reserved 1116160K
  class space    used 8723K, capacity 10503K, committed 10624K, reserved 1048576K
}
Event: 80.963 GC heap before
{Heap before GC invocations=26 (full 4):
 PSYoungGen      total 83968K, used 77729K [0x00000000f5580000, 0x00000000fc680000, 0x0000000100000000)
  eden space 66048K, 100% used [0x00000000f5580000,0x00000000f9600000,0x00000000f9600000)
  from space 17920K, 65% used [0x00000000f9600000,0x00000000fa168560,0x00000000fa780000)
  to   space 17920K, 0% used [0x00000000fb500000,0x00000000fb500000,0x00000000fc680000)
 ParOldGen       total 103936K, used 43901K [0x00000000e0000000, 0x00000000e6580000, 0x00000000f5580000)
  object space 103936K, 42% used [0x00000000e0000000,0x00000000e2adf460,0x00000000e6580000)
 Metaspace       used 71027K, capacity 76592K, committed 76928K, reserved 1116160K
  class space    used 8723K, capacity 10503K, committed 10624K, reserved 1048576K
Event: 80.968 GC heap after
Heap after GC invocations=26 (full 4):
 PSYoungGen      total 96256K, used 15009K [0x00000000f5580000, 0x00000000fcb00000, 0x0000000100000000)
  eden space 78336K, 0% used [0x00000000f5580000,0x00000000f5580000,0x00000000fa200000)
  from space 17920K, 83% used [0x00000000fb500000,0x00000000fc3a8700,0x00000000fc680000)
  to   space 19456K, 0% used [0x00000000fa200000,0x00000000fa200000,0x00000000fb500000)
 ParOldGen       total 103936K, used 43901K [0x00000000e0000000, 0x00000000e6580000, 0x00000000f5580000)
  object space 103936K, 42% used [0x00000000e0000000,0x00000000e2adf460,0x00000000e6580000)
 Metaspace       used 71027K, capacity 76592K, committed 76928K, reserved 1116160K
  class space    used 8723K, capacity 10503K, committed 10624K, reserved 1048576K
}

